0 info it worked if it ends with ok
1 verbose cli [ 'C:\\Program Files\\nodejs\\node.exe',
1 verbose cli   'C:\\Program Files\\nodejs\\node_modules\\npm\\bin\\npm-cli.js',
1 verbose cli   'run',
1 verbose cli   'dev' ]
2 info using npm@3.10.10
3 info using node@v6.10.3
4 verbose run-script [ 'predev', 'dev', 'postdev' ]
5 info lifecycle yueliangchuanqi@1.0.0~predev: yueliangchuanqi@1.0.0
6 silly lifecycle yueliangchuanqi@1.0.0~predev: no script for predev, continuing
7 info lifecycle yueliangchuanqi@1.0.0~dev: yueliangchuanqi@1.0.0
8 verbose lifecycle yueliangchuanqi@1.0.0~dev: unsafe-perm in lifecycle true
9 verbose lifecycle yueliangchuanqi@1.0.0~dev: PATH: C:\Program Files\nodejs\node_modules\npm\bin\node-gyp-bin;G:\myway\douniu\node_modules\.bin;C:\Program Files\ImageMagick-7.0.1-Q16;C:\ProgramData\Oracle\Java\javapath;C:\WINDOWS\system32;C:\WINDOWS;C:\WINDOWS\System32\Wbem;C:\WINDOWS\System32\WindowsPowerShell\v1.0\;C:\Python34;C:\Program Files\Java\jdk1.8.0_121\bin;C:\Program Files\Java\jdk1.8.0_121\jre\bin;C:\Program Files\nodejs\;C:\Program Files\Git\cmd;C:\android\android-sdk-windows\tools;C:\android\android-sdk-windows\platform-tools;C:\Users\15471\AppData\Local\Microsoft\WindowsApps;C:\Users\15471\AppData\Roaming\npm
10 verbose lifecycle yueliangchuanqi@1.0.0~dev: CWD: G:\myway\douniu
11 silly lifecycle yueliangchuanqi@1.0.0~dev: Args: [ '/d /s /c', 'webpack' ]
12 silly lifecycle yueliangchuanqi@1.0.0~dev: Returned: code: 3221225786  signal: null
13 info lifecycle yueliangchuanqi@1.0.0~dev: Failed to exec dev script
14 verbose stack Error: yueliangchuanqi@1.0.0 dev: `webpack`
14 verbose stack Exit status 3221225786
14 verbose stack     at EventEmitter.<anonymous> (C:\Program Files\nodejs\node_modules\npm\lib\utils\lifecycle.js:255:16)
14 verbose stack     at emitTwo (events.js:106:13)
14 verbose stack     at EventEmitter.emit (events.js:191:7)
14 verbose stack     at ChildProcess.<anonymous> (C:\Program Files\nodejs\node_modules\npm\lib\utils\spawn.js:40:14)
14 verbose stack     at emitTwo (events.js:106:13)
14 verbose stack     at ChildProcess.emit (events.js:191:7)
14 verbose stack     at maybeClose (internal/child_process.js:886:16)
14 verbose stack     at Process.ChildProcess._handle.onexit (internal/child_process.js:226:5)
15 verbose pkgid yueliangchuanqi@1.0.0
16 verbose cwd G:\myway\douniu
17 error Windows_NT 10.0.14393
18 error argv "C:\\Program Files\\nodejs\\node.exe" "C:\\Program Files\\nodejs\\node_modules\\npm\\bin\\npm-cli.js" "run" "dev"
19 error node v6.10.3
20 error npm  v3.10.10
21 error code ELIFECYCLE
22 error yueliangchuanqi@1.0.0 dev: `webpack`
22 error Exit status 3221225786
23 error Failed at the yueliangchuanqi@1.0.0 dev script 'webpack'.
23 error Make sure you have the latest version of node.js and npm installed.
23 error If you do, this is most likely a problem with the yueliangchuanqi package,
23 error not with npm itself.
23 error Tell the author that this fails on your system:
23 error     webpack
23 error You can get information on how to open an issue for this project with:
23 error     npm bugs yueliangchuanqi
23 error Or if that isn't available, you can get their info via:
23 error     npm owner ls yueliangchuanqi
23 error There is likely additional logging output above.
24 verbose exit [ 1, true ]
